<!DOCTYPE html PUBLIC "-//W3C//DTD XHTML 1.1//EN" "https://www.w3.org/TR/xhtml11/DTD/xhtml11.dtd">
<html xmlns="https://www.w3.org/1999/xhtml">
<head>
<meta http-equiv="content-type" content="text/html; charset=UTF-8"/>
<title>TestNG Report</title>
<style type="text/css">table {margin-bottom:10px;border-collapse:collapse;empty-cells:show}th,td {border:1px solid #009;padding:.25em .5em}th {vertical-align:bottom}td {vertical-align:top}table a {font-weight:bold}.stripe td {background-color: #E6EBF9}.num {text-align:right}.passedodd td {background-color: #3F3}.passedeven td {background-color: #0A0}.skippedodd td {background-color: #DDD}.skippedeven td {background-color: #CCC}.failedodd td,.attn {background-color: #F33}.failedeven td,.stripe .attn {background-color: #D00}.stacktrace {white-space:pre;font-family:monospace}.totop {font-size:85%;text-align:center;border-bottom:2px solid #000}.invisible {display:none}</style>
</head>
<body>
<table>
<tr><th>Test</th><th># Passed</th><th># Skipped</th><th># Retried</th><th># Failed</th><th>Time (ms)</th><th>Included Groups</th><th>Excluded Groups</th></tr>
<tr><th colspan="8">Suite</th></tr>
<tr><td><a href="#t0">Test</a></td><td class="num">6</td><td class="num">0</td><td class="num">0</td><td class="num attn">2</td><td class="num">195,406</td><td></td><td></td></tr>
</table>
<table id='summary'><thead><tr><th>Class</th><th>Method</th><th>Start</th><th>Time (ms)</th></tr></thead><tbody><tr><th colspan="4">Suite</th></tr></tbody><tbody id="t0"><tr><th colspan="4">Test &#8212; failed</th></tr><tr class="failedeven"><td rowspan="1">practice2.tests.JSONStandardTest</td><td><a href="#m0">standardtest</a></td><td rowspan="1">1672373472504</td><td rowspan="1">17144</td></tr><tr class="failedodd"><td rowspan="1">practice2.tests.standardTest</td><td><a href="#m1">standardtest</a></td><td rowspan="1">1672373511633</td><td rowspan="1">17150</td></tr><tr><th colspan="4">Test &#8212; passed</th></tr><tr class="passedeven"><td rowspan="2">practice2.tests.ExceldrivenStandardTest</td><td><a href="#m2">standardtest</a></td><td rowspan="2">1672373420916</td><td rowspan="2">12847</td></tr><tr class="passedeven"><td><a href="#m3">standardtest</a></td></tr><tr class="passedodd"><td rowspan="1">practice2.tests.JSONStandardTest</td><td><a href="#m4">standardtest</a></td><td rowspan="1">1672373455542</td><td rowspan="1">11968</td></tr><tr class="passedeven"><td rowspan="2">practice2.tests.authenticationTest</td><td><a href="#m5">loginerror</a></td><td rowspan="2">1672373534299</td><td rowspan="2">3842</td></tr><tr class="passedeven"><td><a href="#m6">loginerror</a></td></tr><tr class="passedodd"><td rowspan="1">practice2.tests.standardTest</td><td><a href="#m7">standardtest</a></td><td rowspan="1">1672373495129</td><td rowspan="1">11784</td></tr></tbody>
</table>
<h2>Test</h2><h3 id="m0">practice2.tests.JSONStandardTest#standardtest</h3><table class="result"><tr class="param"><th>Parameter #1</th></tr><tr class="param stripe"><td>{productname=ADIDAS ORIGINAL, email=qwerty@q.com, pw=March@2021}</td></tr><tr><th>Exception</th></tr><tr><td><div class="stacktrace">org.openqa.selenium.TimeoutException: Expected condition failed: waiting for element to be clickable: By.cssSelector: .ng-animating (tried for 10 second(s) with 500 milliseconds interval)
Build info: version: &apos;4.7.2&apos;, revision: &apos;4d4020c3b7&apos;
System info: os.name: &apos;Mac OS X&apos;, os.arch: &apos;x86_64&apos;, os.version: &apos;13.0&apos;, java.version: &apos;17.0.4&apos;
Driver info: org.openqa.selenium.chrome.ChromeDriver
Capabilities {acceptInsecureCerts: false, browserName: chrome, browserVersion: 108.0.5359.124, chrome: {chromedriverVersion: 108.0.5359.71 (1e0e3868ee06..., userDataDir: /var/folders/wk/v6m38wnn2b9...}, goog:chromeOptions: {debuggerAddress: localhost:58110}, networkConnectionEnabled: false, pageLoadStrategy: normal, platformName: MAC, proxy: Proxy(), se:cdp: ws://localhost:58110/devtoo..., se:cdpVersion: 108.0.5359.124, setWindowRect: true, strictFileInteractability: false, timeouts: {implicit: 0, pageLoad: 300000, script: 30000}, unhandledPromptBehavior: dismiss and notify, webauthn:extension:credBlob: true, webauthn:extension:largeBlob: true, webauthn:virtualAuthenticators: true}
Session ID: 3fc3dc81c44337993de13532dd617863
	at org.openqa.selenium.support.ui.WebDriverWait.timeoutException(WebDriverWait.java:87)
	at org.openqa.selenium.support.ui.FluentWait.until(FluentWait.java:231)
	at practice2.abstractcomponents.abstractcomponents.clickablewait(abstractcomponents.java:23)
	at practice2.pageobjects.cartPage.cartaddition(cartPage.java:30)
	at practice2.tests.JSONStandardTest.standardtest(JSONStandardTest.java:30)
	at java.base/java.util.ArrayList.forEach(ArrayList.java:1511)
... Removed 27 stack frames</div></td></tr></table><p class="totop"><a href="#summary">back to summary</a></p>
<h3 id="m1">practice2.tests.standardTest#standardtest</h3><table class="result"><tr class="param"><th>Parameter #1</th><th>Parameter #2</th><th>Parameter #3</th></tr><tr class="param stripe"><td>qwerty@q.com</td><td>March@2021</td><td>ADIDAS ORIGINAL</td></tr><tr><th colspan="3">Exception</th></tr><tr><td colspan="3"><div class="stacktrace">org.openqa.selenium.TimeoutException: Expected condition failed: waiting for element to be clickable: By.cssSelector: .ng-animating (tried for 10 second(s) with 500 milliseconds interval)
Build info: version: &apos;4.7.2&apos;, revision: &apos;4d4020c3b7&apos;
System info: os.name: &apos;Mac OS X&apos;, os.arch: &apos;x86_64&apos;, os.version: &apos;13.0&apos;, java.version: &apos;17.0.4&apos;
Driver info: org.openqa.selenium.chrome.ChromeDriver
Capabilities {acceptInsecureCerts: false, browserName: chrome, browserVersion: 108.0.5359.124, chrome: {chromedriverVersion: 108.0.5359.71 (1e0e3868ee06..., userDataDir: /var/folders/wk/v6m38wnn2b9...}, goog:chromeOptions: {debuggerAddress: localhost:58282}, networkConnectionEnabled: false, pageLoadStrategy: normal, platformName: MAC, proxy: Proxy(), se:cdp: ws://localhost:58282/devtoo..., se:cdpVersion: 108.0.5359.124, setWindowRect: true, strictFileInteractability: false, timeouts: {implicit: 0, pageLoad: 300000, script: 30000}, unhandledPromptBehavior: dismiss and notify, webauthn:extension:credBlob: true, webauthn:extension:largeBlob: true, webauthn:virtualAuthenticators: true}
Session ID: 8cfe4860b049c1491e6b4ec5ad70e1a6
	at org.openqa.selenium.support.ui.WebDriverWait.timeoutException(WebDriverWait.java:87)
	at org.openqa.selenium.support.ui.FluentWait.until(FluentWait.java:231)
	at practice2.abstractcomponents.abstractcomponents.clickablewait(abstractcomponents.java:23)
	at practice2.pageobjects.cartPage.cartaddition(cartPage.java:30)
	at practice2.tests.standardTest.standardtest(standardTest.java:28)
	at java.base/java.util.ArrayList.forEach(ArrayList.java:1511)
... Removed 27 stack frames</div></td></tr></table><p class="totop"><a href="#summary">back to summary</a></p>
<h3 id="m2">practice2.tests.ExceldrivenStandardTest#standardtest</h3><table class="result"><tr class="param"><th>Parameter #1</th><th>Parameter #2</th><th>Parameter #3</th></tr><tr class="param stripe"><td>abcd@abcd.com</td><td>March@2021</td><td>ADIDAS ORIGINAL</td></tr></table><p class="totop"><a href="#summary">back to summary</a></p>
<h3 id="m3">practice2.tests.ExceldrivenStandardTest#standardtest</h3><table class="result"><tr class="param"><th>Parameter #1</th><th>Parameter #2</th><th>Parameter #3</th></tr><tr class="param stripe"><td>qwerty@q.com</td><td>March@2021</td><td>ZARA COAT 3</td></tr></table><p class="totop"><a href="#summary">back to summary</a></p>
<h3 id="m4">practice2.tests.JSONStandardTest#standardtest</h3><table class="result"><tr class="param"><th>Parameter #1</th></tr><tr class="param stripe"><td>{productname=ZARA COAT 3, email=abcd@abcd.com, pw=March@2021}</td></tr></table><p class="totop"><a href="#summary">back to summary</a></p>
<h3 id="m5">practice2.tests.authenticationTest#loginerror</h3><table class="result"><tr class="param"><th>Parameter #1</th><th>Parameter #2</th></tr><tr class="param stripe"><td>qa@qa.com</td><td>Password</td></tr></table><p class="totop"><a href="#summary">back to summary</a></p>
<h3 id="m6">practice2.tests.authenticationTest#loginerror</h3><table class="result"><tr class="param"><th>Parameter #1</th><th>Parameter #2</th></tr><tr class="param stripe"><td>qwert@y.com</td><td>Password</td></tr></table><p class="totop"><a href="#summary">back to summary</a></p>
<h3 id="m7">practice2.tests.standardTest#standardtest</h3><table class="result"><tr class="param"><th>Parameter #1</th><th>Parameter #2</th><th>Parameter #3</th></tr><tr class="param stripe"><td>abcd@abcd.com</td><td>March@2021</td><td>ZARA COAT 3</td></tr></table><p class="totop"><a href="#summary">back to summary</a></p>
</body>
</html>
