<?xml version="1.0" encoding="UTF-8"?>
<testng-results ignored="0" total="8" passed="6" failed="2" skipped="0">
  <reporter-output>
  </reporter-output>
  <suite started-at="2022-12-30T09:39:11 IST" name="Suite" finished-at="2022-12-30T09:42:27 IST" duration-ms="195406">
    <groups>
    </groups>
    <test started-at="2022-12-30T09:39:11 IST" name="Test" finished-at="2022-12-30T09:42:27 IST" duration-ms="195406">
      <class name="practice2.tests.JSONStandardTest">
        <test-method is-config="true" signature="driverinitiation()[pri:0, instance:practice2.tests.JSONStandardTest@3ed242a4]" started-at="2022-12-30T09:40:50 IST" name="driverinitiation" finished-at="2022-12-30T09:40:55 IST" duration-ms="4623" status="PASS">
          <reporter-output>
          </reporter-output>
        </test-method> <!-- driverinitiation -->
        <test-method signature="standardtest(java.util.HashMap)[pri:0, instance:practice2.tests.JSONStandardTest@3ed242a4]" started-at="2022-12-30T09:40:55 IST" name="standardtest" data-provider="getData" finished-at="2022-12-30T09:41:07 IST" duration-ms="11968" status="PASS">
          <params>
            <param index="0">
              <value>
                <![CDATA[{productname=ZARA COAT 3, email=abcd@abcd.com, pw=March@2021}]]>
              </value>
            </param>
          </params>
          <reporter-output>
          </reporter-output>
        </test-method> <!-- standardtest -->
        <test-method is-config="true" signature="driverclose()[pri:0, instance:practice2.tests.JSONStandardTest@3ed242a4]" started-at="2022-12-30T09:41:07 IST" name="driverclose" finished-at="2022-12-30T09:41:07 IST" duration-ms="144" status="PASS">
          <reporter-output>
          </reporter-output>
        </test-method> <!-- driverclose -->
        <test-method is-config="true" signature="driverinitiation()[pri:0, instance:practice2.tests.JSONStandardTest@3ed242a4]" started-at="2022-12-30T09:41:07 IST" name="driverinitiation" finished-at="2022-12-30T09:41:12 IST" duration-ms="4844" status="PASS">
          <reporter-output>
          </reporter-output>
        </test-method> <!-- driverinitiation -->
        <test-method signature="standardtest(java.util.HashMap)[pri:0, instance:practice2.tests.JSONStandardTest@3ed242a4]" started-at="2022-12-30T09:41:12 IST" name="standardtest" data-provider="getData" finished-at="2022-12-30T09:41:29 IST" duration-ms="17144" status="FAIL">
          <params>
            <param index="0">
              <value>
                <![CDATA[{productname=ADIDAS ORIGINAL, email=qwerty@q.com, pw=March@2021}]]>
              </value>
            </param>
          </params>
          <exception class="org.openqa.selenium.TimeoutException">
            <message>
              <![CDATA[Expected condition failed: waiting for element to be clickable: By.cssSelector: .ng-animating (tried for 10 second(s) with 500 milliseconds interval)
Build info: version: '4.7.2', revision: '4d4020c3b7'
System info: os.name: 'Mac OS X', os.arch: 'x86_64', os.version: '13.0', java.version: '17.0.4'
Driver info: org.openqa.selenium.chrome.ChromeDriver
Capabilities {acceptInsecureCerts: false, browserName: chrome, browserVersion: 108.0.5359.124, chrome: {chromedriverVersion: 108.0.5359.71 (1e0e3868ee06..., userDataDir: /var/folders/wk/v6m38wnn2b9...}, goog:chromeOptions: {debuggerAddress: localhost:58110}, networkConnectionEnabled: false, pageLoadStrategy: normal, platformName: MAC, proxy: Proxy(), se:cdp: ws://localhost:58110/devtoo..., se:cdpVersion: 108.0.5359.124, setWindowRect: true, strictFileInteractability: false, timeouts: {implicit: 0, pageLoad: 300000, script: 30000}, unhandledPromptBehavior: dismiss and notify, webauthn:extension:credBlob: true, webauthn:extension:largeBlob: true, webauthn:virtualAuthenticators: true}
Session ID: 3fc3dc81c44337993de13532dd617863]]>
            </message>
            <full-stacktrace>
              <![CDATA[org.openqa.selenium.TimeoutException: Expected condition failed: waiting for element to be clickable: By.cssSelector: .ng-animating (tried for 10 second(s) with 500 milliseconds interval)
Build info: version: '4.7.2', revision: '4d4020c3b7'
System info: os.name: 'Mac OS X', os.arch: 'x86_64', os.version: '13.0', java.version: '17.0.4'
Driver info: org.openqa.selenium.chrome.ChromeDriver
Capabilities {acceptInsecureCerts: false, browserName: chrome, browserVersion: 108.0.5359.124, chrome: {chromedriverVersion: 108.0.5359.71 (1e0e3868ee06..., userDataDir: /var/folders/wk/v6m38wnn2b9...}, goog:chromeOptions: {debuggerAddress: localhost:58110}, networkConnectionEnabled: false, pageLoadStrategy: normal, platformName: MAC, proxy: Proxy(), se:cdp: ws://localhost:58110/devtoo..., se:cdpVersion: 108.0.5359.124, setWindowRect: true, strictFileInteractability: false, timeouts: {implicit: 0, pageLoad: 300000, script: 30000}, unhandledPromptBehavior: dismiss and notify, webauthn:extension:credBlob: true, webauthn:extension:largeBlob: true, webauthn:virtualAuthenticators: true}
Session ID: 3fc3dc81c44337993de13532dd617863
at org.openqa.selenium.support.ui.WebDriverWait.timeoutException(WebDriverWait.java:87)
at org.openqa.selenium.support.ui.FluentWait.until(FluentWait.java:231)
at practice2.abstractcomponents.abstractcomponents.clickablewait(abstractcomponents.java:23)
at practice2.pageobjects.cartPage.cartaddition(cartPage.java:30)
at practice2.tests.JSONStandardTest.standardtest(JSONStandardTest.java:30)
at java.base/jdk.internal.reflect.NativeMethodAccessorImpl.invoke0(Native Method)
at java.base/jdk.internal.reflect.NativeMethodAccessorImpl.invoke(NativeMethodAccessorImpl.java:77)
at java.base/jdk.internal.reflect.DelegatingMethodAccessorImpl.invoke(DelegatingMethodAccessorImpl.java:43)
at java.base/java.lang.reflect.Method.invoke(Method.java:568)
at org.testng.internal.invokers.MethodInvocationHelper.invokeMethod(MethodInvocationHelper.java:139)
at org.testng.internal.invokers.TestInvoker.invokeMethod(TestInvoker.java:677)
at org.testng.internal.invokers.TestInvoker.invokeTestMethod(TestInvoker.java:221)
at org.testng.internal.invokers.MethodRunner.runInSequence(MethodRunner.java:50)
at org.testng.internal.invokers.TestInvoker$MethodInvocationAgent.invoke(TestInvoker.java:969)
at org.testng.internal.invokers.TestInvoker.invokeTestMethods(TestInvoker.java:194)
at org.testng.internal.invokers.TestMethodWorker.invokeTestMethods(TestMethodWorker.java:148)
at org.testng.internal.invokers.TestMethodWorker.run(TestMethodWorker.java:128)
at java.base/java.util.ArrayList.forEach(ArrayList.java:1511)
at org.testng.TestRunner.privateRun(TestRunner.java:829)
at org.testng.TestRunner.run(TestRunner.java:602)
at org.testng.SuiteRunner.runTest(SuiteRunner.java:437)
at org.testng.SuiteRunner.runSequentially(SuiteRunner.java:431)
at org.testng.SuiteRunner.privateRun(SuiteRunner.java:391)
at org.testng.SuiteRunner.run(SuiteRunner.java:330)
at org.testng.SuiteRunnerWorker.runSuite(SuiteRunnerWorker.java:52)
at org.testng.SuiteRunnerWorker.run(SuiteRunnerWorker.java:95)
at org.testng.TestNG.runSuitesSequentially(TestNG.java:1256)
at org.testng.TestNG.runSuitesLocally(TestNG.java:1176)
at org.testng.TestNG.runSuites(TestNG.java:1099)
at org.testng.TestNG.run(TestNG.java:1067)
at org.testng.remote.AbstractRemoteTestNG.run(AbstractRemoteTestNG.java:115)
at org.testng.remote.RemoteTestNG.initAndRun(RemoteTestNG.java:251)
at org.testng.remote.RemoteTestNG.main(RemoteTestNG.java:77)
]]>
            </full-stacktrace>
          </exception> <!-- org.openqa.selenium.TimeoutException -->
          <reporter-output>
          </reporter-output>
        </test-method> <!-- standardtest -->
        <test-method is-config="true" signature="driverclose()[pri:0, instance:practice2.tests.JSONStandardTest@3ed242a4]" started-at="2022-12-30T09:41:30 IST" name="driverclose" finished-at="2022-12-30T09:41:30 IST" duration-ms="157" status="PASS">
          <reporter-output>
          </reporter-output>
        </test-method> <!-- driverclose -->
      </class> <!-- practice2.tests.JSONStandardTest -->
      <class name="practice2.tests.authenticationTest">
        <test-method is-config="true" signature="driverinitiation()[pri:0, instance:practice2.tests.authenticationTest@614df0a4]" started-at="2022-12-30T09:42:09 IST" name="driverinitiation" finished-at="2022-12-30T09:42:14 IST" duration-ms="4789" status="PASS">
          <reporter-output>
          </reporter-output>
        </test-method> <!-- driverinitiation -->
        <test-method signature="loginerror(java.lang.String,java.lang.String)[pri:0, instance:practice2.tests.authenticationTest@614df0a4]" started-at="2022-12-30T09:42:14 IST" name="loginerror" data-provider="getData" finished-at="2022-12-30T09:42:18 IST" duration-ms="3842" status="PASS">
          <params>
            <param index="0">
              <value>
                <![CDATA[qa@qa.com]]>
              </value>
            </param>
            <param index="1">
              <value>
                <![CDATA[Password]]>
              </value>
            </param>
          </params>
          <reporter-output>
          </reporter-output>
        </test-method> <!-- loginerror -->
        <test-method is-config="true" signature="driverclose()[pri:0, instance:practice2.tests.authenticationTest@614df0a4]" started-at="2022-12-30T09:42:18 IST" name="driverclose" finished-at="2022-12-30T09:42:18 IST" duration-ms="175" status="PASS">
          <reporter-output>
          </reporter-output>
        </test-method> <!-- driverclose -->
        <test-method is-config="true" signature="driverinitiation()[pri:0, instance:practice2.tests.authenticationTest@614df0a4]" started-at="2022-12-30T09:42:18 IST" name="driverinitiation" finished-at="2022-12-30T09:42:22 IST" duration-ms="4579" status="PASS">
          <reporter-output>
          </reporter-output>
        </test-method> <!-- driverinitiation -->
        <test-method signature="loginerror(java.lang.String,java.lang.String)[pri:0, instance:practice2.tests.authenticationTest@614df0a4]" started-at="2022-12-30T09:42:22 IST" name="loginerror" data-provider="getData" finished-at="2022-12-30T09:42:26 IST" duration-ms="4090" status="PASS">
          <params>
            <param index="0">
              <value>
                <![CDATA[qwert@y.com]]>
              </value>
            </param>
            <param index="1">
              <value>
                <![CDATA[Password]]>
              </value>
            </param>
          </params>
          <reporter-output>
          </reporter-output>
        </test-method> <!-- loginerror -->
        <test-method is-config="true" signature="driverclose()[pri:0, instance:practice2.tests.authenticationTest@614df0a4]" started-at="2022-12-30T09:42:26 IST" name="driverclose" finished-at="2022-12-30T09:42:27 IST" duration-ms="124" status="PASS">
          <reporter-output>
          </reporter-output>
        </test-method> <!-- driverclose -->
      </class> <!-- practice2.tests.authenticationTest -->
      <class name="practice2.tests.standardTest">
        <test-method is-config="true" signature="driverinitiation()[pri:0, instance:practice2.tests.standardTest@1199fe66]" started-at="2022-12-30T09:41:30 IST" name="driverinitiation" finished-at="2022-12-30T09:41:35 IST" duration-ms="4757" status="PASS">
          <reporter-output>
          </reporter-output>
        </test-method> <!-- driverinitiation -->
        <test-method signature="standardtest(java.lang.String,java.lang.String,java.lang.String)[pri:0, instance:practice2.tests.standardTest@1199fe66]" started-at="2022-12-30T09:41:35 IST" name="standardtest" data-provider="getData" finished-at="2022-12-30T09:41:46 IST" duration-ms="11784" status="PASS">
          <params>
            <param index="0">
              <value>
                <![CDATA[abcd@abcd.com]]>
              </value>
            </param>
            <param index="1">
              <value>
                <![CDATA[March@2021]]>
              </value>
            </param>
            <param index="2">
              <value>
                <![CDATA[ZARA COAT 3]]>
              </value>
            </param>
          </params>
          <reporter-output>
          </reporter-output>
        </test-method> <!-- standardtest -->
        <test-method is-config="true" signature="driverclose()[pri:0, instance:practice2.tests.standardTest@1199fe66]" started-at="2022-12-30T09:41:46 IST" name="driverclose" finished-at="2022-12-30T09:41:47 IST" duration-ms="134" status="PASS">
          <reporter-output>
          </reporter-output>
        </test-method> <!-- driverclose -->
        <test-method is-config="true" signature="driverinitiation()[pri:0, instance:practice2.tests.standardTest@1199fe66]" started-at="2022-12-30T09:41:47 IST" name="driverinitiation" finished-at="2022-12-30T09:41:51 IST" duration-ms="4581" status="PASS">
          <reporter-output>
          </reporter-output>
        </test-method> <!-- driverinitiation -->
        <test-method signature="standardtest(java.lang.String,java.lang.String,java.lang.String)[pri:0, instance:practice2.tests.standardTest@1199fe66]" started-at="2022-12-30T09:41:51 IST" name="standardtest" data-provider="getData" finished-at="2022-12-30T09:42:08 IST" duration-ms="17150" status="FAIL">
          <params>
            <param index="0">
              <value>
                <![CDATA[qwerty@q.com]]>
              </value>
            </param>
            <param index="1">
              <value>
                <![CDATA[March@2021]]>
              </value>
            </param>
            <param index="2">
              <value>
                <![CDATA[ADIDAS ORIGINAL]]>
              </value>
            </param>
          </params>
          <exception class="org.openqa.selenium.TimeoutException">
            <message>
              <![CDATA[Expected condition failed: waiting for element to be clickable: By.cssSelector: .ng-animating (tried for 10 second(s) with 500 milliseconds interval)
Build info: version: '4.7.2', revision: '4d4020c3b7'
System info: os.name: 'Mac OS X', os.arch: 'x86_64', os.version: '13.0', java.version: '17.0.4'
Driver info: org.openqa.selenium.chrome.ChromeDriver
Capabilities {acceptInsecureCerts: false, browserName: chrome, browserVersion: 108.0.5359.124, chrome: {chromedriverVersion: 108.0.5359.71 (1e0e3868ee06..., userDataDir: /var/folders/wk/v6m38wnn2b9...}, goog:chromeOptions: {debuggerAddress: localhost:58282}, networkConnectionEnabled: false, pageLoadStrategy: normal, platformName: MAC, proxy: Proxy(), se:cdp: ws://localhost:58282/devtoo..., se:cdpVersion: 108.0.5359.124, setWindowRect: true, strictFileInteractability: false, timeouts: {implicit: 0, pageLoad: 300000, script: 30000}, unhandledPromptBehavior: dismiss and notify, webauthn:extension:credBlob: true, webauthn:extension:largeBlob: true, webauthn:virtualAuthenticators: true}
Session ID: 8cfe4860b049c1491e6b4ec5ad70e1a6]]>
            </message>
            <full-stacktrace>
              <![CDATA[org.openqa.selenium.TimeoutException: Expected condition failed: waiting for element to be clickable: By.cssSelector: .ng-animating (tried for 10 second(s) with 500 milliseconds interval)
Build info: version: '4.7.2', revision: '4d4020c3b7'
System info: os.name: 'Mac OS X', os.arch: 'x86_64', os.version: '13.0', java.version: '17.0.4'
Driver info: org.openqa.selenium.chrome.ChromeDriver
Capabilities {acceptInsecureCerts: false, browserName: chrome, browserVersion: 108.0.5359.124, chrome: {chromedriverVersion: 108.0.5359.71 (1e0e3868ee06..., userDataDir: /var/folders/wk/v6m38wnn2b9...}, goog:chromeOptions: {debuggerAddress: localhost:58282}, networkConnectionEnabled: false, pageLoadStrategy: normal, platformName: MAC, proxy: Proxy(), se:cdp: ws://localhost:58282/devtoo..., se:cdpVersion: 108.0.5359.124, setWindowRect: true, strictFileInteractability: false, timeouts: {implicit: 0, pageLoad: 300000, script: 30000}, unhandledPromptBehavior: dismiss and notify, webauthn:extension:credBlob: true, webauthn:extension:largeBlob: true, webauthn:virtualAuthenticators: true}
Session ID: 8cfe4860b049c1491e6b4ec5ad70e1a6
at org.openqa.selenium.support.ui.WebDriverWait.timeoutException(WebDriverWait.java:87)
at org.openqa.selenium.support.ui.FluentWait.until(FluentWait.java:231)
at practice2.abstractcomponents.abstractcomponents.clickablewait(abstractcomponents.java:23)
at practice2.pageobjects.cartPage.cartaddition(cartPage.java:30)
at practice2.tests.standardTest.standardtest(standardTest.java:28)
at java.base/jdk.internal.reflect.NativeMethodAccessorImpl.invoke0(Native Method)
at java.base/jdk.internal.reflect.NativeMethodAccessorImpl.invoke(NativeMethodAccessorImpl.java:77)
at java.base/jdk.internal.reflect.DelegatingMethodAccessorImpl.invoke(DelegatingMethodAccessorImpl.java:43)
at java.base/java.lang.reflect.Method.invoke(Method.java:568)
at org.testng.internal.invokers.MethodInvocationHelper.invokeMethod(MethodInvocationHelper.java:139)
at org.testng.internal.invokers.TestInvoker.invokeMethod(TestInvoker.java:677)
at org.testng.internal.invokers.TestInvoker.invokeTestMethod(TestInvoker.java:221)
at org.testng.internal.invokers.MethodRunner.runInSequence(MethodRunner.java:50)
at org.testng.internal.invokers.TestInvoker$MethodInvocationAgent.invoke(TestInvoker.java:969)
at org.testng.internal.invokers.TestInvoker.invokeTestMethods(TestInvoker.java:194)
at org.testng.internal.invokers.TestMethodWorker.invokeTestMethods(TestMethodWorker.java:148)
at org.testng.internal.invokers.TestMethodWorker.run(TestMethodWorker.java:128)
at java.base/java.util.ArrayList.forEach(ArrayList.java:1511)
at org.testng.TestRunner.privateRun(TestRunner.java:829)
at org.testng.TestRunner.run(TestRunner.java:602)
at org.testng.SuiteRunner.runTest(SuiteRunner.java:437)
at org.testng.SuiteRunner.runSequentially(SuiteRunner.java:431)
at org.testng.SuiteRunner.privateRun(SuiteRunner.java:391)
at org.testng.SuiteRunner.run(SuiteRunner.java:330)
at org.testng.SuiteRunnerWorker.runSuite(SuiteRunnerWorker.java:52)
at org.testng.SuiteRunnerWorker.run(SuiteRunnerWorker.java:95)
at org.testng.TestNG.runSuitesSequentially(TestNG.java:1256)
at org.testng.TestNG.runSuitesLocally(TestNG.java:1176)
at org.testng.TestNG.runSuites(TestNG.java:1099)
at org.testng.TestNG.run(TestNG.java:1067)
at org.testng.remote.AbstractRemoteTestNG.run(AbstractRemoteTestNG.java:115)
at org.testng.remote.RemoteTestNG.initAndRun(RemoteTestNG.java:251)
at org.testng.remote.RemoteTestNG.main(RemoteTestNG.java:77)
]]>
            </full-stacktrace>
          </exception> <!-- org.openqa.selenium.TimeoutException -->
          <reporter-output>
          </reporter-output>
        </test-method> <!-- standardtest -->
        <test-method is-config="true" signature="driverclose()[pri:0, instance:practice2.tests.standardTest@1199fe66]" started-at="2022-12-30T09:42:09 IST" name="driverclose" finished-at="2022-12-30T09:42:09 IST" duration-ms="192" status="PASS">
          <reporter-output>
          </reporter-output>
        </test-method> <!-- driverclose -->
      </class> <!-- practice2.tests.standardTest -->
      <class name="practice2.tests.ExceldrivenStandardTest">
        <test-method is-config="true" signature="driverinitiation()[pri:0, instance:practice2.tests.ExceldrivenStandardTest@4df5bcb4]" started-at="2022-12-30T09:39:12 IST" name="driverinitiation" finished-at="2022-12-30T09:40:20 IST" duration-ms="68440" status="PASS">
          <reporter-output>
          </reporter-output>
        </test-method> <!-- driverinitiation -->
        <test-method signature="standardtest(java.lang.String,java.lang.String,java.lang.String)[pri:0, instance:practice2.tests.ExceldrivenStandardTest@4df5bcb4]" started-at="2022-12-30T09:40:20 IST" name="standardtest" data-provider="getData" finished-at="2022-12-30T09:40:33 IST" duration-ms="12847" status="PASS">
          <params>
            <param index="0">
              <value>
                <![CDATA[abcd@abcd.com]]>
              </value>
            </param>
            <param index="1">
              <value>
                <![CDATA[March@2021]]>
              </value>
            </param>
            <param index="2">
              <value>
                <![CDATA[ADIDAS ORIGINAL]]>
              </value>
            </param>
          </params>
          <reporter-output>
          </reporter-output>
        </test-method> <!-- standardtest -->
        <test-method is-config="true" signature="driverclose()[pri:0, instance:practice2.tests.ExceldrivenStandardTest@4df5bcb4]" started-at="2022-12-30T09:40:33 IST" name="driverclose" finished-at="2022-12-30T09:40:33 IST" duration-ms="122" status="PASS">
          <reporter-output>
          </reporter-output>
        </test-method> <!-- driverclose -->
        <test-method is-config="true" signature="driverinitiation()[pri:0, instance:practice2.tests.ExceldrivenStandardTest@4df5bcb4]" started-at="2022-12-30T09:40:33 IST" name="driverinitiation" finished-at="2022-12-30T09:40:38 IST" duration-ms="4879" status="PASS">
          <reporter-output>
          </reporter-output>
        </test-method> <!-- driverinitiation -->
        <test-method signature="standardtest(java.lang.String,java.lang.String,java.lang.String)[pri:0, instance:practice2.tests.ExceldrivenStandardTest@4df5bcb4]" started-at="2022-12-30T09:40:38 IST" name="standardtest" data-provider="getData" finished-at="2022-12-30T09:40:50 IST" duration-ms="11781" status="PASS">
          <params>
            <param index="0">
              <value>
                <![CDATA[qwerty@q.com]]>
              </value>
            </param>
            <param index="1">
              <value>
                <![CDATA[March@2021]]>
              </value>
            </param>
            <param index="2">
              <value>
                <![CDATA[ZARA COAT 3]]>
              </value>
            </param>
          </params>
          <reporter-output>
          </reporter-output>
        </test-method> <!-- standardtest -->
        <test-method is-config="true" signature="driverclose()[pri:0, instance:practice2.tests.ExceldrivenStandardTest@4df5bcb4]" started-at="2022-12-30T09:40:50 IST" name="driverclose" finished-at="2022-12-30T09:40:50 IST" duration-ms="92" status="PASS">
          <reporter-output>
          </reporter-output>
        </test-method> <!-- driverclose -->
      </class> <!-- practice2.tests.ExceldrivenStandardTest -->
    </test> <!-- Test -->
  </suite> <!-- Suite -->
</testng-results>
